[2021-12-27 07:08:40.460] [exthost] [info] Extension host with pid 24799 started
[2021-12-27 07:08:40.460] [exthost] [info] Skipping acquiring lock for /home/knightmare/.config/Code/User/workspaceStorage/c02c7c8b2bc8c892d546ea8451d7852e.
[2021-12-27 07:08:40.501] [exthost] [info] ExtensionService#_doActivateExtension vscode.microsoft-authentication, startup: false, activationEvent: 'onAuthenticationRequest:microsoft'
[2021-12-27 07:08:40.507] [exthost] [info] ExtensionService#_doActivateExtension vscode.debug-auto-launch, startup: true, activationEvent: '*'
[2021-12-27 07:08:40.509] [exthost] [info] ExtensionService#_doActivateExtension vscode.git-base, startup: true, activationEvent: '*', root cause: vscode.github
[2021-12-27 07:08:40.523] [exthost] [info] ExtensionService#_doActivateExtension vscode.git, startup: true, activationEvent: '*'
[2021-12-27 07:08:40.534] [exthost] [info] ExtensionService#_doActivateExtension vscode.github, startup: true, activationEvent: '*'
[2021-12-27 07:08:40.564] [exthost] [info] Eager extensions activated
[2021-12-27 07:08:40.580] [exthost] [info] ExtensionService#_doActivateExtension vscode.emmet, startup: false, activationEvent: 'onStartupFinished'
[2021-12-27 07:08:40.584] [exthost] [info] ExtensionService#_doActivateExtension vscode.merge-conflict, startup: false, activationEvent: 'onStartupFinished'
[2021-12-27 07:08:40.585] [exthost] [info] ExtensionService#_doActivateExtension PKief.material-icon-theme, startup: false, activationEvent: 'onStartupFinished'
[2021-12-27 07:08:40.592] [exthost] [info] ExtensionService#_doActivateExtension vscode.github-authentication, startup: false, activationEvent: 'onAuthenticationRequest:github'
[2021-12-27 07:09:58.457] [exthost] [info] extension host terminating: renderer closed the socket
[2021-12-27 07:09:58.465] [exthost] [info] Extension host with pid 24799 exiting with code 0
[2021-12-27 07:09:59.982] [exthost] [info] Extension host with pid 24978 started
[2021-12-27 07:09:59.982] [exthost] [info] Skipping acquiring lock for /home/knightmare/.config/Code/User/workspaceStorage/b1c4bc459f860636068d377dec9a95fa.
[2021-12-27 07:10:00.029] [exthost] [info] ExtensionService#_doActivateExtension vscode.microsoft-authentication, startup: false, activationEvent: 'onAuthenticationRequest:microsoft'
[2021-12-27 07:10:00.035] [exthost] [info] ExtensionService#_doActivateExtension vscode.debug-auto-launch, startup: true, activationEvent: '*'
[2021-12-27 07:10:00.036] [exthost] [info] ExtensionService#_doActivateExtension vscode.git-base, startup: true, activationEvent: '*', root cause: vscode.github
[2021-12-27 07:10:00.065] [exthost] [info] ExtensionService#_doActivateExtension vscode.github, startup: true, activationEvent: '*'
[2021-12-27 07:10:00.073] [exthost] [info] Eager extensions activated
[2021-12-27 07:10:00.085] [exthost] [info] ExtensionService#_doActivateExtension vscode.emmet, startup: false, activationEvent: 'onStartupFinished'
[2021-12-27 07:10:00.089] [exthost] [info] ExtensionService#_doActivateExtension vscode.merge-conflict, startup: false, activationEvent: 'onStartupFinished'
[2021-12-27 07:10:00.090] [exthost] [info] ExtensionService#_doActivateExtension PKief.material-icon-theme, startup: false, activationEvent: 'onStartupFinished'
[2021-12-27 07:10:00.118] [exthost] [info] ExtensionService#_doActivateExtension vscode.github-authentication, startup: false, activationEvent: 'onAuthenticationRequest:github'
[2021-12-27 07:10:01.142] [exthost] [info] ExtensionService#_doActivateExtension vscode.git, startup: false, activationEvent: 'api', root cause: vscode.github
[2021-12-27 07:10:45.957] [exthost] [info] extension host terminating: renderer closed the socket
[2021-12-27 07:10:45.966] [exthost] [info] Extension host with pid 24978 exiting with code 0
