Validating found git in: git
Using git 2.34.1 from git
Opening repository for path='/home/knightmare/.config/qtile' failed; ex=Failed to execute git {
  "exitCode": 128,
  "gitErrorCode": "NotAGitRepository",
  "gitCommand": "rev-parse",
  "stdout": "",
  "stderr": "fatal: not a git repository (or any of the parent directories): .git\n"
}
Opening repository for path='/home/knightmare/.config/qtile' failed; ex=Failed to execute git {
  "exitCode": 128,
  "gitErrorCode": "NotAGitRepository",
  "gitCommand": "rev-parse",
  "stdout": "",
  "stderr": "fatal: not a git repository (or any of the parent directories): .git\n"
}
Opening repository for path='/home/knightmare/.config/qtile/Color Converter.JPG' failed; ex=Error: spawn ENOTDIR
Opening repository for path='/home/knightmare/.config/qtile/Color Converter.html' failed; ex=Error: spawn ENOTDIR
Opening repository for path='/home/knightmare/.config/qtile/Color Converter.jpg' failed; ex=Error: spawn ENOTDIR
Opening repository for path='/home/knightmare/.config/qtile/Color Converter_files' failed; ex=Failed to execute git {
  "exitCode": 128,
  "gitErrorCode": "NotAGitRepository",
  "gitCommand": "rev-parse",
  "stdout": "",
  "stderr": "fatal: not a git repository (or any of the parent directories): .git\n"
}
Opening repository for path='/home/knightmare/.config/qtile/__pycache__' failed; ex=Failed to execute git {
  "exitCode": 128,
  "gitErrorCode": "NotAGitRepository",
  "gitCommand": "rev-parse",
  "stdout": "",
  "stderr": "fatal: not a git repository (or any of the parent directories): .git\n"
}
Opening repository for path='/home/knightmare/.config/qtile/arch.png' failed; ex=Error: spawn ENOTDIR
Opening repository for path='/home/knightmare/.config/qtile/autostart.sh' failed; ex=Error: spawn ENOTDIR
Opening repository for path='/home/knightmare/.config/qtile/bar2.png' failed; ex=Error: spawn ENOTDIR
Opening repository for path='/home/knightmare/.config/qtile/com0613.jpg' failed; ex=Error: spawn ENOTDIR
Opening repository for path='/home/knightmare/.config/qtile/config.py' failed; ex=Error: spawn ENOTDIR
Opening repository for path='/home/knightmare/.config/qtile/images.jpeg' failed; ex=Error: spawn ENOTDIR
Opening repository for path='/home/knightmare/.config/qtile/img' failed; ex=Failed to execute git {
  "exitCode": 128,
  "gitErrorCode": "NotAGitRepository",
  "gitCommand": "rev-parse",
  "stdout": "",
  "stderr": "fatal: not a git repository (or any of the parent directories): .git\n"
}
Opening repository for path='/home/knightmare/.config/qtile' failed; ex=Failed to execute git {
  "exitCode": 128,
  "gitErrorCode": "NotAGitRepository",
  "gitCommand": "rev-parse",
  "stdout": "",
  "stderr": "fatal: not a git repository (or any of the parent directories): .git\n"
}
Opening repository for path='/home/knightmare/.config/qtile' failed; ex=Failed to execute git {
  "exitCode": 128,
  "gitErrorCode": "NotAGitRepository",
  "gitCommand": "rev-parse",
  "stdout": "",
  "stderr": "fatal: not a git repository (or any of the parent directories): .git\n"
}
