Validating found git in: git
Using git 2.34.1 from git
Opening repository for path='/home/knightmare/.config/rofi' failed; ex=Failed to execute git {
  "exitCode": 128,
  "gitErrorCode": "NotAGitRepository",
  "gitCommand": "rev-parse",
  "stdout": "",
  "stderr": "fatal: not a git repository (or any of the parent directories): .git\n"
}
Opening repository for path='/home/knightmare/.config/rofi/DarkBlue.rasi' failed; ex=Error: spawn ENOTDIR
Opening repository for path='/home/knightmare/.config/rofi/README.md' failed; ex=Error: spawn ENOTDIR
Opening repository for path='/home/knightmare/.config/rofi/arcdark.rasi' failed; ex=Error: spawn ENOTDIR
Opening repository for path='/home/knightmare/.config/rofi/arthur.rasi' failed; ex=Error: spawn ENOTDIR
Opening repository for path='/home/knightmare/.config/rofi/config.rasi' failed; ex=Error: spawn ENOTDIR
Opening repository for path='/home/knightmare/.config/rofi' failed; ex=Failed to execute git {
  "exitCode": 128,
  "gitErrorCode": "NotAGitRepository",
  "gitCommand": "rev-parse",
  "stdout": "",
  "stderr": "fatal: not a git repository (or any of the parent directories): .git\n"
}
Opening repository for path='/home/knightmare/.config/rofi' failed; ex=Failed to execute git {
  "exitCode": 128,
  "gitErrorCode": "NotAGitRepository",
  "gitCommand": "rev-parse",
  "stdout": "",
  "stderr": "fatal: not a git repository (or any of the parent directories): .git\n"
}
Opening repository for path='/home/knightmare/.config/rofi' failed; ex=Failed to execute git {
  "exitCode": 128,
  "gitErrorCode": "NotAGitRepository",
  "gitCommand": "rev-parse",
  "stdout": "",
  "stderr": "fatal: not a git repository (or any of the parent directories): .git\n"
}
Opening repository for path='/home/knightmare/.config/rofi' failed; ex=Failed to execute git {
  "exitCode": 128,
  "gitErrorCode": "NotAGitRepository",
  "gitCommand": "rev-parse",
  "stdout": "",
  "stderr": "fatal: not a git repository (or any of the parent directories): .git\n"
}
Opening repository for path='/home/knightmare/.config/rofi' failed; ex=Failed to execute git {
  "exitCode": 128,
  "gitErrorCode": "NotAGitRepository",
  "gitCommand": "rev-parse",
  "stdout": "",
  "stderr": "fatal: not a git repository (or any of the parent directories): .git\n"
}
